<?xml version="1.0" encoding="UTF-8"?>
<!-- Generated by org.testng.reporters.JUnitXMLReporter -->
<testsuite ignored="0" hostname="EGCA1-0091" failures="0" tests="6" name="Default test" time="18.718" errors="0" timestamp="2022-01-18T08:58:56 EET">
  <testcase classname="testCalculator.CalculatorTest" name="Addition" time="2.008"/>
  <testcase classname="testCalculator.CalculatorTest" name="Clear" time="0.494"/>
  <testcase classname="testCalculator.CalculatorTest" name="Combination" time="3.959"/>
  <testcase classname="testCalculator.CalculatorTest" name="Division" time="3.758"/>
  <testcase classname="testCalculator.CalculatorTest" name="Multiplication" time="1.844"/>
  <testcase classname="testCalculator.CalculatorTest" name="Subtraction" time="1.827"/>
</testsuite> <!-- Default test -->
