<?xml version="1.0" encoding="UTF-8"?>
<!-- Generated by org.testng.reporters.JUnitXMLReporter -->
<testsuite ignored="0" hostname="EGCA1-0091" failures="6" tests="6" name="Test" time="2.618" errors="0" timestamp="2022-01-18T08:58:04 EET">
  <testcase classname="testCalculator.CalculatorTest" name="Addition" time="0.005">
    <failure type="java.lang.NullPointerException">
      <![CDATA[java.lang.NullPointerException
at testCalculator.CalculatorTest.Addition(CalculatorTest.java:58)
at java.base/java.util.ArrayList.forEach(ArrayList.java:1541)
... Removed 27 stack frames]]>
    </failure>
  </testcase> <!-- Addition -->
  <testcase classname="testCalculator.CalculatorTest" name="Clear" time="0.002">
    <failure type="java.lang.NullPointerException">
      <![CDATA[java.lang.NullPointerException
at testCalculator.CalculatorTest.Clear(CalculatorTest.java:43)
at java.base/java.util.ArrayList.forEach(ArrayList.java:1541)
... Removed 27 stack frames]]>
    </failure>
  </testcase> <!-- Clear -->
  <testcase classname="testCalculator.CalculatorTest" name="Combination" time="0.001">
    <failure type="java.lang.NullPointerException">
      <![CDATA[java.lang.NullPointerException
at testCalculator.CalculatorTest.Combination(CalculatorTest.java:67)
at java.base/java.util.ArrayList.forEach(ArrayList.java:1541)
... Removed 27 stack frames]]>
    </failure>
  </testcase> <!-- Combination -->
  <testcase classname="testCalculator.CalculatorTest" name="Division" time="0.001">
    <failure type="java.lang.NullPointerException">
      <![CDATA[java.lang.NullPointerException
at testCalculator.CalculatorTest.Division(CalculatorTest.java:81)
at java.base/java.util.ArrayList.forEach(ArrayList.java:1541)
... Removed 27 stack frames]]>
    </failure>
  </testcase> <!-- Division -->
  <testcase classname="testCalculator.CalculatorTest" name="Multiplication" time="0.001">
    <failure type="java.lang.NullPointerException">
      <![CDATA[java.lang.NullPointerException
at testCalculator.CalculatorTest.Multiplication(CalculatorTest.java:92)
at java.base/java.util.ArrayList.forEach(ArrayList.java:1541)
... Removed 27 stack frames]]>
    </failure>
  </testcase> <!-- Multiplication -->
  <testcase classname="testCalculator.CalculatorTest" name="Subtraction" time="0.001">
    <failure type="java.lang.NullPointerException">
      <![CDATA[java.lang.NullPointerException
at testCalculator.CalculatorTest.Subtraction(CalculatorTest.java:101)
at java.base/java.util.ArrayList.forEach(ArrayList.java:1541)
... Removed 27 stack frames]]>
    </failure>
  </testcase> <!-- Subtraction -->
</testsuite> <!-- Test -->
