<?xml version="1.0" encoding="UTF-8"?>
<!-- Generated by org.testng.reporters.JUnitXMLReporter -->
<testsuite ignored="0" hostname="EGCA1-0091" failures="0" tests="6" name="Test" time="15.243" errors="0" timestamp="2022-07-13T20:10:49 EET">
  <testcase classname="testCalculator.CalculatorTest" name="Addition" time="1.667"/>
  <testcase classname="testCalculator.CalculatorTest" name="Clear" time="0.407"/>
  <testcase classname="testCalculator.CalculatorTest" name="Combination" time="3.639"/>
  <testcase classname="testCalculator.CalculatorTest" name="Division" time="3.554"/>
  <testcase classname="testCalculator.CalculatorTest" name="Multiplication" time="1.721"/>
  <testcase classname="testCalculator.CalculatorTest" name="Subtraction" time="1.601"/>
</testsuite> <!-- Test -->
