<?xml version="1.0" encoding="UTF-8"?>
<testng-results ignored="0" total="6" passed="6" failed="0" skipped="0">
  <reporter-output>
  </reporter-output>
  <suite started-at="2022-01-18T08:58:37 EET" name="Default suite" finished-at="2022-01-18T08:58:55 EET" duration-ms="18718">
    <groups>
    </groups>
    <test started-at="2022-01-18T08:58:37 EET" name="Default test" finished-at="2022-01-18T08:58:55 EET" duration-ms="18718">
      <class name="testCalculator.CalculatorTest">
        <test-method is-config="true" signature="setup()[pri:0, instance:testCalculator.CalculatorTest@ea6147e]" started-at="2022-01-18T08:58:37 EET" name="setup" finished-at="2022-01-18T08:58:41 EET" duration-ms="4660" status="PASS">
          <reporter-output>
          </reporter-output>
        </test-method> <!-- setup -->
        <test-method signature="Addition()[pri:0, instance:testCalculator.CalculatorTest@ea6147e]" started-at="2022-01-18T08:58:41 EET" name="Addition" finished-at="2022-01-18T08:58:43 EET" duration-ms="2008" status="PASS">
          <reporter-output>
          </reporter-output>
        </test-method> <!-- Addition -->
        <test-method signature="Clear()[pri:0, instance:testCalculator.CalculatorTest@ea6147e]" started-at="2022-01-18T08:58:43 EET" name="Clear" finished-at="2022-01-18T08:58:44 EET" duration-ms="494" status="PASS">
          <reporter-output>
          </reporter-output>
        </test-method> <!-- Clear -->
        <test-method signature="Combination()[pri:0, instance:testCalculator.CalculatorTest@ea6147e]" started-at="2022-01-18T08:58:44 EET" name="Combination" finished-at="2022-01-18T08:58:48 EET" duration-ms="3959" status="PASS">
          <reporter-output>
          </reporter-output>
        </test-method> <!-- Combination -->
        <test-method signature="Division()[pri:0, instance:testCalculator.CalculatorTest@ea6147e]" started-at="2022-01-18T08:58:48 EET" name="Division" finished-at="2022-01-18T08:58:52 EET" duration-ms="3758" status="PASS">
          <reporter-output>
          </reporter-output>
        </test-method> <!-- Division -->
        <test-method signature="Multiplication()[pri:0, instance:testCalculator.CalculatorTest@ea6147e]" started-at="2022-01-18T08:58:52 EET" name="Multiplication" finished-at="2022-01-18T08:58:54 EET" duration-ms="1844" status="PASS">
          <reporter-output>
          </reporter-output>
        </test-method> <!-- Multiplication -->
        <test-method signature="Subtraction()[pri:0, instance:testCalculator.CalculatorTest@ea6147e]" started-at="2022-01-18T08:58:54 EET" name="Subtraction" finished-at="2022-01-18T08:58:55 EET" duration-ms="1827" status="PASS">
          <reporter-output>
          </reporter-output>
        </test-method> <!-- Subtraction -->
        <test-method is-config="true" signature="TearDown()[pri:0, instance:testCalculator.CalculatorTest@ea6147e]" started-at="2022-01-18T08:58:55 EET" name="TearDown" finished-at="2022-01-18T08:58:55 EET" duration-ms="121" status="PASS">
          <reporter-output>
          </reporter-output>
        </test-method> <!-- TearDown -->
      </class> <!-- testCalculator.CalculatorTest -->
    </test> <!-- Default test -->
  </suite> <!-- Default suite -->
</testng-results>
